0 info it worked if it ends with ok
1 verbose cli [ 'C:\\Program Files\\nodejs\\node.exe',
1 verbose cli   'C:\\Program Files\\nodejs\\node_modules\\npm\\bin\\npm-cli.js',
1 verbose cli   'start' ]
2 info using npm@3.10.10
3 info using node@v6.11.4
4 verbose run-script [ 'prestart', 'start', 'poststart' ]
5 info lifecycle tce-client@1.0.0~prestart: tce-client@1.0.0
6 verbose lifecycle tce-client@1.0.0~prestart: unsafe-perm in lifecycle true
7 verbose lifecycle tce-client@1.0.0~prestart: PATH: C:\Program Files\nodejs\node_modules\npm\bin\node-gyp-bin;C:\SVN\Branche\ContasDeGoverno\angular\node_modules\.bin;C:\Program Files (x86)\Common Files\Intel\Shared Files\cpp\bin\Intel64;C:\Windows\system32;C:\Windows;C:\Windows\System32\Wbem;C:\Windows\System32\WindowsPowerShell\v1.0\;C:\Program Files (x86)\ATI Technologies\ATI.ACE\Core-Static;C:\Program Files\Microsoft SQL Server\130\Tools\Binn\;C:\Program Files\dotnet\;C:\Program Files\TortoiseSVN\bin;C:\Program Files (x86)\Microsoft SQL Server\Client SDK\ODBC\130\Tools\Binn\;C:\Program Files (x86)\Microsoft SQL Server\130\Tools\Binn\;C:\Program Files (x86)\Microsoft SQL Server\130\DTS\Binn\;C:\Program Files (x86)\Microsoft SQL Server\130\Tools\Binn\ManagementStudio\;C:\Program Files\SafeNet\Authentication\SAC\x32;C:\Program Files\SafeNet\Authentication\SAC\x64;C:\Users\08283413465\AppData\Local\Programs\Python\Python36-32;C:\Users\08283413465\AppData\Local\Programs\Python\Python36-32\Scripts;C:\Program Files (x86)\Windows Kits\10\Windows Performance Toolkit\;C:\Program Files\Git\cmd;C:\Program Files\nodejs\;C:\Program Files (x86)\WinMerge;C:\Users\08283413465\AppData\Local\Microsoft\WindowsApps;;C:\Users\08283413465\AppData\Roaming\npm;C:\Program Files\Microsoft VS Code\bin
8 verbose lifecycle tce-client@1.0.0~prestart: CWD: C:\SVN\Branche\ContasDeGoverno\angular
9 silly lifecycle tce-client@1.0.0~prestart: Args: [ '/d /s /c', 'npm run build' ]
10 silly lifecycle tce-client@1.0.0~prestart: Returned: code: 0  signal: null
11 info lifecycle tce-client@1.0.0~start: tce-client@1.0.0
12 verbose lifecycle tce-client@1.0.0~start: unsafe-perm in lifecycle true
13 verbose lifecycle tce-client@1.0.0~start: PATH: C:\Program Files\nodejs\node_modules\npm\bin\node-gyp-bin;C:\SVN\Branche\ContasDeGoverno\angular\node_modules\.bin;C:\Program Files (x86)\Common Files\Intel\Shared Files\cpp\bin\Intel64;C:\Windows\system32;C:\Windows;C:\Windows\System32\Wbem;C:\Windows\System32\WindowsPowerShell\v1.0\;C:\Program Files (x86)\ATI Technologies\ATI.ACE\Core-Static;C:\Program Files\Microsoft SQL Server\130\Tools\Binn\;C:\Program Files\dotnet\;C:\Program Files\TortoiseSVN\bin;C:\Program Files (x86)\Microsoft SQL Server\Client SDK\ODBC\130\Tools\Binn\;C:\Program Files (x86)\Microsoft SQL Server\130\Tools\Binn\;C:\Program Files (x86)\Microsoft SQL Server\130\DTS\Binn\;C:\Program Files (x86)\Microsoft SQL Server\130\Tools\Binn\ManagementStudio\;C:\Program Files\SafeNet\Authentication\SAC\x32;C:\Program Files\SafeNet\Authentication\SAC\x64;C:\Users\08283413465\AppData\Local\Programs\Python\Python36-32;C:\Users\08283413465\AppData\Local\Programs\Python\Python36-32\Scripts;C:\Program Files (x86)\Windows Kits\10\Windows Performance Toolkit\;C:\Program Files\Git\cmd;C:\Program Files\nodejs\;C:\Program Files (x86)\WinMerge;C:\Users\08283413465\AppData\Local\Microsoft\WindowsApps;;C:\Users\08283413465\AppData\Roaming\npm;C:\Program Files\Microsoft VS Code\bin
14 verbose lifecycle tce-client@1.0.0~start: CWD: C:\SVN\Branche\ContasDeGoverno\angular
15 silly lifecycle tce-client@1.0.0~start: Args: [ '/d /s /c',
15 silly lifecycle   'concurrently "npm run build:watch" "npm run serve"' ]
16 silly lifecycle tce-client@1.0.0~start: Returned: code: 1  signal: null
17 info lifecycle tce-client@1.0.0~start: Failed to exec start script
18 verbose stack Error: tce-client@1.0.0 start: `concurrently "npm run build:watch" "npm run serve"`
18 verbose stack Exit status 1
18 verbose stack     at EventEmitter.<anonymous> (C:\Program Files\nodejs\node_modules\npm\lib\utils\lifecycle.js:255:16)
18 verbose stack     at emitTwo (events.js:106:13)
18 verbose stack     at EventEmitter.emit (events.js:191:7)
18 verbose stack     at ChildProcess.<anonymous> (C:\Program Files\nodejs\node_modules\npm\lib\utils\spawn.js:40:14)
18 verbose stack     at emitTwo (events.js:106:13)
18 verbose stack     at ChildProcess.emit (events.js:191:7)
18 verbose stack     at maybeClose (internal/child_process.js:920:16)
18 verbose stack     at Process.ChildProcess._handle.onexit (internal/child_process.js:230:5)
19 verbose pkgid tce-client@1.0.0
20 verbose cwd C:\SVN\Branche\ContasDeGoverno\angular\src\app\anexos\anexo01
21 error Windows_NT 10.0.14393
22 error argv "C:\\Program Files\\nodejs\\node.exe" "C:\\Program Files\\nodejs\\node_modules\\npm\\bin\\npm-cli.js" "start"
23 error node v6.11.4
24 error npm  v3.10.10
25 error code ELIFECYCLE
26 error tce-client@1.0.0 start: `concurrently "npm run build:watch" "npm run serve"`
26 error Exit status 1
27 error Failed at the tce-client@1.0.0 start script 'concurrently "npm run build:watch" "npm run serve"'.
27 error Make sure you have the latest version of node.js and npm installed.
27 error If you do, this is most likely a problem with the tce-client package,
27 error not with npm itself.
27 error Tell the author that this fails on your system:
27 error     concurrently "npm run build:watch" "npm run serve"
27 error You can get information on how to open an issue for this project with:
27 error     npm bugs tce-client
27 error Or if that isn't available, you can get their info via:
27 error     npm owner ls tce-client
27 error There is likely additional logging output above.
28 verbose exit [ 1, true ]
